G:\ASP.Net\Angular2Demo\Angular2Demo\src\app\app.component.js
G:\ASP.Net\Angular2Demo\Angular2Demo\src\app\app.component.js.map
G:\ASP.Net\Angular2Demo\Angular2Demo\src\app\app.module.js
G:\ASP.Net\Angular2Demo\Angular2Demo\src\app\app.module.js.map
G:\ASP.Net\Angular2Demo\Angular2Demo\src\main.js
G:\ASP.Net\Angular2Demo\Angular2Demo\src\main.js.map
G:\ASP.Net\Angular2Demo\Angular2Demo\src\app\app.component.spec.js
G:\ASP.Net\Angular2Demo\Angular2Demo\src\app\app.component.spec.js.map
G:\ASP.Net\Angular2Demo\Angular2Demo\src\app\app.component.js
G:\ASP.Net\Angular2Demo\Angular2Demo\src\app\app.component.js.map
G:\ASP.Net\Angular2Demo\Angular2Demo\src\app\app.module.js
G:\ASP.Net\Angular2Demo\Angular2Demo\src\app\app.module.js.map
G:\ASP.Net\Angular2Demo\Angular2Demo\src\main.js
G:\ASP.Net\Angular2Demo\Angular2Demo\src\main.js.map
G:\ASP.Net\Angular2Demo\Angular2Demo\src\app\app.component.spec.js
G:\ASP.Net\Angular2Demo\Angular2Demo\src\app\app.component.spec.js.map
G:\ASP.Net\Angular2Demo\Angular2Demo\src\app\app.component.js
G:\ASP.Net\Angular2Demo\Angular2Demo\src\app\app.component.js.map
G:\ASP.Net\Angular2Demo\Angular2Demo\src\app\app.module.js
G:\ASP.Net\Angular2Demo\Angular2Demo\src\app\app.module.js.map
G:\ASP.Net\Angular2Demo\Angular2Demo\src\main.js
G:\ASP.Net\Angular2Demo\Angular2Demo\src\main.js.map
G:\ASP.Net\Angular2Demo\Angular2Demo\src\app\app.component.spec.js
G:\ASP.Net\Angular2Demo\Angular2Demo\src\app\app.component.spec.js.map
G:\ASP.Net\Angular2Demo\Angular2Demo\src\app\app.component.js
G:\ASP.Net\Angular2Demo\Angular2Demo\src\app\app.component.js.map
G:\ASP.Net\Angular2Demo\Angular2Demo\src\app\app.module.js
G:\ASP.Net\Angular2Demo\Angular2Demo\src\app\app.module.js.map
G:\ASP.Net\Angular2Demo\Angular2Demo\src\main.js
G:\ASP.Net\Angular2Demo\Angular2Demo\src\main.js.map
G:\ASP.Net\Angular2Demo\Angular2Demo\src\app\app.component.spec.js
G:\ASP.Net\Angular2Demo\Angular2Demo\src\app\app.component.spec.js.map
G:\ASP.Net\Angular2Demo\Angular2Demo\src\app\project.js
G:\ASP.Net\Angular2Demo\Angular2Demo\src\app\project.js.map
G:\ASP.Net\Angular2Demo\Angular2Demo\src\app\projectarray.js
G:\ASP.Net\Angular2Demo\Angular2Demo\src\app\projectarray.js.map
G:\ASP.Net\Angular2Demo\Angular2Demo\src\app\projectnew.service.js
G:\ASP.Net\Angular2Demo\Angular2Demo\src\app\projectnew.service.js.map
G:\ASP.Net\Angular2Demo\Angular2Demo\src\app\app.component.js
G:\ASP.Net\Angular2Demo\Angular2Demo\src\app\app.component.js.map
G:\ASP.Net\Angular2Demo\Angular2Demo\src\app\employees\employee.component.js
G:\ASP.Net\Angular2Demo\Angular2Demo\src\app\employees\employee.component.js.map
G:\ASP.Net\Angular2Demo\Angular2Demo\src\app\LandingPage\landingpage.component.js
G:\ASP.Net\Angular2Demo\Angular2Demo\src\app\LandingPage\landingpage.component.js.map
G:\ASP.Net\Angular2Demo\Angular2Demo\src\app\Login\login.component.js
G:\ASP.Net\Angular2Demo\Angular2Demo\src\app\Login\login.component.js.map
G:\ASP.Net\Angular2Demo\Angular2Demo\src\app\AboutUs\aboutus.component.js
G:\ASP.Net\Angular2Demo\Angular2Demo\src\app\AboutUs\aboutus.component.js.map
G:\ASP.Net\Angular2Demo\Angular2Demo\src\app\Contacts\contacts.component.js
G:\ASP.Net\Angular2Demo\Angular2Demo\src\app\Contacts\contacts.component.js.map
G:\ASP.Net\Angular2Demo\Angular2Demo\src\app\projectdetails.component.js
G:\ASP.Net\Angular2Demo\Angular2Demo\src\app\projectdetails.component.js.map
G:\ASP.Net\Angular2Demo\Angular2Demo\src\app\app.module.js
G:\ASP.Net\Angular2Demo\Angular2Demo\src\app\app.module.js.map
G:\ASP.Net\Angular2Demo\Angular2Demo\src\main.js
G:\ASP.Net\Angular2Demo\Angular2Demo\src\main.js.map
G:\ASP.Net\Angular2Demo\Angular2Demo\src\app\app.component.spec.js
G:\ASP.Net\Angular2Demo\Angular2Demo\src\app\app.component.spec.js.map
G:\ASP.Net\Angular2Demo\Angular2Demo\src\app\project.component.js
G:\ASP.Net\Angular2Demo\Angular2Demo\src\app\project.component.js.map
G:\ASP.Net\Angular2Demo\Angular2Demo\src\app\projecthomepage.component.js
G:\ASP.Net\Angular2Demo\Angular2Demo\src\app\projecthomepage.component.js.map
G:\ASP.Net\Angular2Demo\Angular2Demo\src\app\project.js
G:\ASP.Net\Angular2Demo\Angular2Demo\src\app\project.js.map
G:\ASP.Net\Angular2Demo\Angular2Demo\src\app\projectarray.js
G:\ASP.Net\Angular2Demo\Angular2Demo\src\app\projectarray.js.map
G:\ASP.Net\Angular2Demo\Angular2Demo\src\app\projectnew.service.js
G:\ASP.Net\Angular2Demo\Angular2Demo\src\app\projectnew.service.js.map
G:\ASP.Net\Angular2Demo\Angular2Demo\src\app\app.component.js
G:\ASP.Net\Angular2Demo\Angular2Demo\src\app\app.component.js.map
G:\ASP.Net\Angular2Demo\Angular2Demo\src\app\employees\employee.component.js
G:\ASP.Net\Angular2Demo\Angular2Demo\src\app\employees\employee.component.js.map
G:\ASP.Net\Angular2Demo\Angular2Demo\src\app\LandingPage\landingpage.component.js
G:\ASP.Net\Angular2Demo\Angular2Demo\src\app\LandingPage\landingpage.component.js.map
G:\ASP.Net\Angular2Demo\Angular2Demo\src\app\Login\login.component.js
G:\ASP.Net\Angular2Demo\Angular2Demo\src\app\Login\login.component.js.map
G:\ASP.Net\Angular2Demo\Angular2Demo\src\app\AboutUs\aboutus.component.js
G:\ASP.Net\Angular2Demo\Angular2Demo\src\app\AboutUs\aboutus.component.js.map
G:\ASP.Net\Angular2Demo\Angular2Demo\src\app\Contacts\contacts.component.js
G:\ASP.Net\Angular2Demo\Angular2Demo\src\app\Contacts\contacts.component.js.map
G:\ASP.Net\Angular2Demo\Angular2Demo\src\app\projectdetails.component.js
G:\ASP.Net\Angular2Demo\Angular2Demo\src\app\projectdetails.component.js.map
G:\ASP.Net\Angular2Demo\Angular2Demo\src\app\projecthomepage.component.js
G:\ASP.Net\Angular2Demo\Angular2Demo\src\app\projecthomepage.component.js.map
G:\ASP.Net\Angular2Demo\Angular2Demo\src\app\project.component.js
G:\ASP.Net\Angular2Demo\Angular2Demo\src\app\project.component.js.map
G:\ASP.Net\Angular2Demo\Angular2Demo\src\app\app.module.js
G:\ASP.Net\Angular2Demo\Angular2Demo\src\app\app.module.js.map
G:\ASP.Net\Angular2Demo\Angular2Demo\src\main.js
G:\ASP.Net\Angular2Demo\Angular2Demo\src\main.js.map
G:\ASP.Net\Angular2Demo\Angular2Demo\src\app\app.component.spec.js
G:\ASP.Net\Angular2Demo\Angular2Demo\src\app\app.component.spec.js.map
G:\ASP.Net\Angular2Demo\Angular2Demo\src\app\projectrouting.module.js
G:\ASP.Net\Angular2Demo\Angular2Demo\src\app\projectrouting.module.js.map
G:\ASP.Net\Angular2Demo\Angular2Demo\src\app\project.js
G:\ASP.Net\Angular2Demo\Angular2Demo\src\app\project.js.map
G:\ASP.Net\Angular2Demo\Angular2Demo\src\app\projectnew.service.js
G:\ASP.Net\Angular2Demo\Angular2Demo\src\app\projectnew.service.js.map
G:\ASP.Net\Angular2Demo\Angular2Demo\src\app\app.component.js
G:\ASP.Net\Angular2Demo\Angular2Demo\src\app\app.component.js.map
G:\ASP.Net\Angular2Demo\Angular2Demo\src\app\employees\employee.component.js
G:\ASP.Net\Angular2Demo\Angular2Demo\src\app\employees\employee.component.js.map
G:\ASP.Net\Angular2Demo\Angular2Demo\src\app\LandingPage\landingpage.component.js
G:\ASP.Net\Angular2Demo\Angular2Demo\src\app\LandingPage\landingpage.component.js.map
G:\ASP.Net\Angular2Demo\Angular2Demo\src\app\Login\login.component.js
G:\ASP.Net\Angular2Demo\Angular2Demo\src\app\Login\login.component.js.map
G:\ASP.Net\Angular2Demo\Angular2Demo\src\app\AboutUs\aboutus.component.js
G:\ASP.Net\Angular2Demo\Angular2Demo\src\app\AboutUs\aboutus.component.js.map
G:\ASP.Net\Angular2Demo\Angular2Demo\src\app\Contacts\contacts.component.js
G:\ASP.Net\Angular2Demo\Angular2Demo\src\app\Contacts\contacts.component.js.map
G:\ASP.Net\Angular2Demo\Angular2Demo\src\app\projectdetails.component.js
G:\ASP.Net\Angular2Demo\Angular2Demo\src\app\projectdetails.component.js.map
G:\ASP.Net\Angular2Demo\Angular2Demo\src\app\projectarray.js
G:\ASP.Net\Angular2Demo\Angular2Demo\src\app\projectarray.js.map
G:\ASP.Net\Angular2Demo\Angular2Demo\src\app\projecthomepage.component.js
G:\ASP.Net\Angular2Demo\Angular2Demo\src\app\projecthomepage.component.js.map
G:\ASP.Net\Angular2Demo\Angular2Demo\src\app\project.component.js
G:\ASP.Net\Angular2Demo\Angular2Demo\src\app\project.component.js.map
G:\ASP.Net\Angular2Demo\Angular2Demo\src\app\projectrouting.module.js
G:\ASP.Net\Angular2Demo\Angular2Demo\src\app\projectrouting.module.js.map
G:\ASP.Net\Angular2Demo\Angular2Demo\src\app\app.module.js
G:\ASP.Net\Angular2Demo\Angular2Demo\src\app\app.module.js.map
G:\ASP.Net\Angular2Demo\Angular2Demo\src\main.js
G:\ASP.Net\Angular2Demo\Angular2Demo\src\main.js.map
G:\ASP.Net\Angular2Demo\Angular2Demo\src\app\app.component.spec.js
G:\ASP.Net\Angular2Demo\Angular2Demo\src\app\app.component.spec.js.map
G:\ASP.Net\Angular2Demo\Angular2Demo\src\app\projectarray.service.js
G:\ASP.Net\Angular2Demo\Angular2Demo\src\app\projectarray.service.js.map
G:\ASP.Net\Angular2Demo\Angular2Demo\src\app\project.js
G:\ASP.Net\Angular2Demo\Angular2Demo\src\app\project.js.map
G:\ASP.Net\Angular2Demo\Angular2Demo\src\app\projectnew.service.js
G:\ASP.Net\Angular2Demo\Angular2Demo\src\app\projectnew.service.js.map
G:\ASP.Net\Angular2Demo\Angular2Demo\src\app\app.component.js
G:\ASP.Net\Angular2Demo\Angular2Demo\src\app\app.component.js.map
G:\ASP.Net\Angular2Demo\Angular2Demo\src\app\employees\employee.component.js
G:\ASP.Net\Angular2Demo\Angular2Demo\src\app\employees\employee.component.js.map
G:\ASP.Net\Angular2Demo\Angular2Demo\src\app\LandingPage\landingpage.component.js
G:\ASP.Net\Angular2Demo\Angular2Demo\src\app\LandingPage\landingpage.component.js.map
G:\ASP.Net\Angular2Demo\Angular2Demo\src\app\Login\login.component.js
G:\ASP.Net\Angular2Demo\Angular2Demo\src\app\Login\login.component.js.map
G:\ASP.Net\Angular2Demo\Angular2Demo\src\app\AboutUs\aboutus.component.js
G:\ASP.Net\Angular2Demo\Angular2Demo\src\app\AboutUs\aboutus.component.js.map
G:\ASP.Net\Angular2Demo\Angular2Demo\src\app\Contacts\contacts.component.js
G:\ASP.Net\Angular2Demo\Angular2Demo\src\app\Contacts\contacts.component.js.map
G:\ASP.Net\Angular2Demo\Angular2Demo\src\app\projectdetails.component.js
G:\ASP.Net\Angular2Demo\Angular2Demo\src\app\projectdetails.component.js.map
G:\ASP.Net\Angular2Demo\Angular2Demo\src\app\projectarray.js
G:\ASP.Net\Angular2Demo\Angular2Demo\src\app\projectarray.js.map
G:\ASP.Net\Angular2Demo\Angular2Demo\src\app\projecthomepage.component.js
G:\ASP.Net\Angular2Demo\Angular2Demo\src\app\projecthomepage.component.js.map
G:\ASP.Net\Angular2Demo\Angular2Demo\src\app\project.component.js
G:\ASP.Net\Angular2Demo\Angular2Demo\src\app\project.component.js.map
G:\ASP.Net\Angular2Demo\Angular2Demo\src\app\projectrouting.module.js
G:\ASP.Net\Angular2Demo\Angular2Demo\src\app\projectrouting.module.js.map
G:\ASP.Net\Angular2Demo\Angular2Demo\src\app\projectarray.service.js
G:\ASP.Net\Angular2Demo\Angular2Demo\src\app\projectarray.service.js.map
G:\ASP.Net\Angular2Demo\Angular2Demo\src\app\searchproject.service.js
G:\ASP.Net\Angular2Demo\Angular2Demo\src\app\searchproject.service.js.map
G:\ASP.Net\Angular2Demo\Angular2Demo\src\app\searchproject.component.js
G:\ASP.Net\Angular2Demo\Angular2Demo\src\app\searchproject.component.js.map
G:\ASP.Net\Angular2Demo\Angular2Demo\src\app\app.module.js
G:\ASP.Net\Angular2Demo\Angular2Demo\src\app\app.module.js.map
G:\ASP.Net\Angular2Demo\Angular2Demo\src\main.js
G:\ASP.Net\Angular2Demo\Angular2Demo\src\main.js.map
G:\ASP.Net\Angular2Demo\Angular2Demo\src\app\app.component.spec.js
G:\ASP.Net\Angular2Demo\Angular2Demo\src\app\app.component.spec.js.map
G:\ASP.Net\Angular2Demo\Angular2Demo\src\app\project.js
G:\ASP.Net\Angular2Demo\Angular2Demo\src\app\project.js.map
G:\ASP.Net\Angular2Demo\Angular2Demo\src\app\projectnew.service.js
G:\ASP.Net\Angular2Demo\Angular2Demo\src\app\projectnew.service.js.map
G:\ASP.Net\Angular2Demo\Angular2Demo\src\app\app.component.js
G:\ASP.Net\Angular2Demo\Angular2Demo\src\app\app.component.js.map
G:\ASP.Net\Angular2Demo\Angular2Demo\src\app\employees\employee.component.js
G:\ASP.Net\Angular2Demo\Angular2Demo\src\app\employees\employee.component.js.map
G:\ASP.Net\Angular2Demo\Angular2Demo\src\app\LandingPage\landingpage.component.js
G:\ASP.Net\Angular2Demo\Angular2Demo\src\app\LandingPage\landingpage.component.js.map
G:\ASP.Net\Angular2Demo\Angular2Demo\src\app\Login\login.component.js
G:\ASP.Net\Angular2Demo\Angular2Demo\src\app\Login\login.component.js.map
G:\ASP.Net\Angular2Demo\Angular2Demo\src\app\AboutUs\aboutus.component.js
G:\ASP.Net\Angular2Demo\Angular2Demo\src\app\AboutUs\aboutus.component.js.map
G:\ASP.Net\Angular2Demo\Angular2Demo\src\app\Contacts\contacts.component.js
G:\ASP.Net\Angular2Demo\Angular2Demo\src\app\Contacts\contacts.component.js.map
G:\ASP.Net\Angular2Demo\Angular2Demo\src\app\projectdetails.component.js
G:\ASP.Net\Angular2Demo\Angular2Demo\src\app\projectdetails.component.js.map
G:\ASP.Net\Angular2Demo\Angular2Demo\src\app\projectarray.js
G:\ASP.Net\Angular2Demo\Angular2Demo\src\app\projectarray.js.map
G:\ASP.Net\Angular2Demo\Angular2Demo\src\app\projecthomepage.component.js
G:\ASP.Net\Angular2Demo\Angular2Demo\src\app\projecthomepage.component.js.map
G:\ASP.Net\Angular2Demo\Angular2Demo\src\app\project.component.js
G:\ASP.Net\Angular2Demo\Angular2Demo\src\app\project.component.js.map
G:\ASP.Net\Angular2Demo\Angular2Demo\src\app\projectrouting.module.js
G:\ASP.Net\Angular2Demo\Angular2Demo\src\app\projectrouting.module.js.map
G:\ASP.Net\Angular2Demo\Angular2Demo\src\app\projectarray.service.js
G:\ASP.Net\Angular2Demo\Angular2Demo\src\app\projectarray.service.js.map
G:\ASP.Net\Angular2Demo\Angular2Demo\src\app\searchproject.service.js
G:\ASP.Net\Angular2Demo\Angular2Demo\src\app\searchproject.service.js.map
G:\ASP.Net\Angular2Demo\Angular2Demo\src\app\searchproject.component.js
G:\ASP.Net\Angular2Demo\Angular2Demo\src\app\searchproject.component.js.map
G:\ASP.Net\Angular2Demo\Angular2Demo\src\app\app.module.js
G:\ASP.Net\Angular2Demo\Angular2Demo\src\app\app.module.js.map
G:\ASP.Net\Angular2Demo\Angular2Demo\src\main.js
G:\ASP.Net\Angular2Demo\Angular2Demo\src\main.js.map
G:\ASP.Net\Angular2Demo\Angular2Demo\src\app\app.component.spec.js
G:\ASP.Net\Angular2Demo\Angular2Demo\src\app\app.component.spec.js.map
G:\ASP.Net\Angular2Demo\Angular2Demo\src\app\project.js
G:\ASP.Net\Angular2Demo\Angular2Demo\src\app\project.js.map
G:\ASP.Net\Angular2Demo\Angular2Demo\src\app\projectnew.service.js
G:\ASP.Net\Angular2Demo\Angular2Demo\src\app\projectnew.service.js.map
G:\ASP.Net\Angular2Demo\Angular2Demo\src\app\app.component.js
G:\ASP.Net\Angular2Demo\Angular2Demo\src\app\app.component.js.map
G:\ASP.Net\Angular2Demo\Angular2Demo\src\app\employees\employee.component.js
G:\ASP.Net\Angular2Demo\Angular2Demo\src\app\employees\employee.component.js.map
G:\ASP.Net\Angular2Demo\Angular2Demo\src\app\LandingPage\landingpage.component.js
G:\ASP.Net\Angular2Demo\Angular2Demo\src\app\LandingPage\landingpage.component.js.map
G:\ASP.Net\Angular2Demo\Angular2Demo\src\app\Login\login.component.js
G:\ASP.Net\Angular2Demo\Angular2Demo\src\app\Login\login.component.js.map
G:\ASP.Net\Angular2Demo\Angular2Demo\src\app\AboutUs\aboutus.component.js
G:\ASP.Net\Angular2Demo\Angular2Demo\src\app\AboutUs\aboutus.component.js.map
G:\ASP.Net\Angular2Demo\Angular2Demo\src\app\Contacts\contacts.component.js
G:\ASP.Net\Angular2Demo\Angular2Demo\src\app\Contacts\contacts.component.js.map
G:\ASP.Net\Angular2Demo\Angular2Demo\src\app\projectdetails.component.js
G:\ASP.Net\Angular2Demo\Angular2Demo\src\app\projectdetails.component.js.map
G:\ASP.Net\Angular2Demo\Angular2Demo\src\app\projectarray.js
G:\ASP.Net\Angular2Demo\Angular2Demo\src\app\projectarray.js.map
G:\ASP.Net\Angular2Demo\Angular2Demo\src\app\projecthomepage.component.js
G:\ASP.Net\Angular2Demo\Angular2Demo\src\app\projecthomepage.component.js.map
G:\ASP.Net\Angular2Demo\Angular2Demo\src\app\project.component.js
G:\ASP.Net\Angular2Demo\Angular2Demo\src\app\project.component.js.map
G:\ASP.Net\Angular2Demo\Angular2Demo\src\app\projectrouting.module.js
G:\ASP.Net\Angular2Demo\Angular2Demo\src\app\projectrouting.module.js.map
G:\ASP.Net\Angular2Demo\Angular2Demo\src\app\projectarray.service.js
G:\ASP.Net\Angular2Demo\Angular2Demo\src\app\projectarray.service.js.map
G:\ASP.Net\Angular2Demo\Angular2Demo\src\app\searchproject.service.js
G:\ASP.Net\Angular2Demo\Angular2Demo\src\app\searchproject.service.js.map
G:\ASP.Net\Angular2Demo\Angular2Demo\src\app\searchproject.component.js
G:\ASP.Net\Angular2Demo\Angular2Demo\src\app\searchproject.component.js.map
G:\ASP.Net\Angular2Demo\Angular2Demo\src\app\app.module.js
G:\ASP.Net\Angular2Demo\Angular2Demo\src\app\app.module.js.map
G:\ASP.Net\Angular2Demo\Angular2Demo\src\main.js
G:\ASP.Net\Angular2Demo\Angular2Demo\src\main.js.map
G:\ASP.Net\Angular2Demo\Angular2Demo\src\app\app.component.spec.js
G:\ASP.Net\Angular2Demo\Angular2Demo\src\app\app.component.spec.js.map
